<?xml version="1.0" encoding="UTF-8"?>
<!-- Generated by org.testng.reporters.JUnitReportReporter -->
<testsuite skipped="0" hostname="CBT-MH-000" name="Search_tweet" tests="1" failures="0" timestamp="11 Oct 2019 07:16:05 GMT" time="4.098" errors="0">
  <testcase name="gettweet" time="4.098" classname="Search_tweet"/>
</testsuite> <!-- Search_tweet -->
