<?xml version="1.0" encoding="UTF-8"?>
<!-- Generated by org.testng.reporters.JUnitReportReporter -->
<testsuite skipped="0" hostname="CBT-MH-000" name="CreateTweet" tests="1" failures="0" timestamp="11 Oct 2019 06:24:23 GMT" time="4.939" errors="0">
  <testcase name="gettweet" time="4.939" classname="CreateTweet"/>
</testsuite> <!-- CreateTweet -->
