<?xml version="1.0" encoding="UTF-8"?>
<!-- Generated by org.testng.reporters.JUnitReportReporter -->
<testsuite skipped="0" hostname="CBT-MH-000" name="all_tweets" tests="1" failures="0" timestamp="11 Oct 2019 11:29:11 GMT" time="25.156" errors="0">
  <testcase name="gettweet" time="25.156" classname="all_tweets"/>
</testsuite> <!-- all_tweets -->
