<?xml version="1.0" encoding="UTF-8"?>
<!-- Generated by org.testng.reporters.JUnitReportReporter -->
<testsuite skipped="0" hostname="CBT-MH-000" name="display_tweet" tests="1" failures="0" timestamp="11 Oct 2019 10:59:37 GMT" time="4.407" errors="0">
  <testcase name="gettweet" time="4.407" classname="display_tweet"/>
</testsuite> <!-- display_tweet -->
